<component name="libraryTable">
  <library name="junit4">
    <CLASSES>
      <root url="jar://$PROJECT_DIR$/../../../prebuilts/tools/common/m2/repository/junit/junit/4.13.2/junit-4.13.2.jar!/" />
      <root url="jar://$PROJECT_DIR$/../../../prebuilts/tools/common/m2/repository/org/hamcrest/hamcrest-core/1.3/hamcrest-core-1.3.jar!/" />
    </CLASSES>
    <JAVADOC />
    <SOURCES>
      <root url="jar://$PROJECT_DIR$/../../../prebuilts/tools/common/m2/repository/junit/junit/4.13.2/junit-4.13.2-sources.jar!/" />
      <root url="jar://$PROJECT_DIR$/../../../prebuilts/tools/common/m2/repository/org/hamcrest/hamcrest-core/1.3/hamcrest-core-1.3-sources.jar!/" />
    </SOURCES>
  </library>
</component>